Release 14.7 - xst P.20131013 (nt64)
Copyright (c) 1995-2013 Xilinx, Inc.  All rights reserved.
--> Parameter TMPDIR set to xst/projnav.tmp


Total REAL time to Xst completion: 1.00 secs
Total CPU time to Xst completion: 0.36 secs
 
--> Parameter xsthdpdir set to xst


Total REAL time to Xst completion: 1.00 secs
Total CPU time to Xst completion: 0.36 secs
 
--> Reading design: STACK_CPU.prj

TABLE OF CONTENTS
  1) Synthesis Options Summary
  2) HDL Parsing
  3) HDL Elaboration
  4) HDL Synthesis
       4.1) HDL Synthesis Report
  5) Advanced HDL Synthesis
       5.1) Advanced HDL Synthesis Report
  6) Low Level Synthesis
  7) Partition Report
  8) Design Summary
       8.1) Primitive and Black Box Usage
       8.2) Device utilization summary
       8.3) Partition Resource Summary
       8.4) Timing Report
            8.4.1) Clock Information
            8.4.2) Asynchronous Control Signals Information
            8.4.3) Timing Summary
            8.4.4) Timing Details
            8.4.5) Cross Clock Domains Report


=========================================================================
*                      Synthesis Options Summary                        *
=========================================================================
---- Source Parameters
Input File Name                    : "STACK_CPU.prj"
Ignore Synthesis Constraint File   : NO

---- Target Parameters
Output File Name                   : "STACK_CPU"
Output Format                      : NGC
Target Device                      : xc6slx16-2-csg324

---- Source Options
Top Module Name                    : STACK_CPU
Automatic FSM Extraction           : YES
FSM Encoding Algorithm             : Auto
Safe Implementation                : No
FSM Style                          : LUT
RAM Extraction                     : Yes
RAM Style                          : Auto
ROM Extraction                     : Yes
Shift Register Extraction          : YES
ROM Style                          : Auto
Resource Sharing                   : YES
Asynchronous To Synchronous        : NO
Shift Register Minimum Size        : 2
Use DSP Block                      : Auto
Automatic Register Balancing       : No

---- Target Options
LUT Combining                      : Auto
Reduce Control Sets                : Auto
Add IO Buffers                     : YES
Global Maximum Fanout              : 100000
Add Generic Clock Buffer(BUFG)     : 16
Register Duplication               : YES
Optimize Instantiated Primitives   : NO
Use Clock Enable                   : Auto
Use Synchronous Set                : Auto
Use Synchronous Reset              : Auto
Pack IO Registers into IOBs        : Auto
Equivalent register Removal        : YES

---- General Options
Optimization Goal                  : Speed
Optimization Effort                : 1
Power Reduction                    : NO
Keep Hierarchy                     : No
Netlist Hierarchy                  : As_Optimized
RTL Output                         : Yes
Global Optimization                : AllClockNets
Read Cores                         : YES
Write Timing Constraints           : NO
Cross Clock Analysis               : NO
Hierarchy Separator                : /
Bus Delimiter                      : <>
Case Specifier                     : Maintain
Slice Utilization Ratio            : 100
BRAM Utilization Ratio             : 100
DSP48 Utilization Ratio            : 100
Auto BRAM Packing                  : NO
Slice Utilization Ratio Delta      : 5

=========================================================================


=========================================================================
*                          HDL Parsing                                  *
=========================================================================
Analyzing Verilog file "C:\Users\Sam\Desktop\440\Stack_CPU\STACK.v" into library work
Parsing module <STACK>.
Analyzing Verilog file "C:\Users\Sam\Desktop\440\Stack_CPU\PROGRAM_COUNTER.v" into library work
Parsing module <PROGRAM_COUNTER>.
Analyzing Verilog file "C:\Users\Sam\Desktop\440\Stack_CPU\INSTRUCTION_MEM_128x16.v" into library work
Parsing module <INSTRUCTION_MEM_128x16>.
Analyzing Verilog file "C:\Users\Sam\Desktop\440\Stack_CPU\CONTROL_UNIT.v" into library work
Parsing module <CONTROL_UNIT>.
WARNING:HDLCompiler:751 - "C:\Users\Sam\Desktop\440\Stack_CPU\CONTROL_UNIT.v" Line 24: Redeclaration of ansi port push is not allowed
WARNING:HDLCompiler:751 - "C:\Users\Sam\Desktop\440\Stack_CPU\CONTROL_UNIT.v" Line 25: Redeclaration of ansi port pop is not allowed
WARNING:HDLCompiler:751 - "C:\Users\Sam\Desktop\440\Stack_CPU\CONTROL_UNIT.v" Line 26: Redeclaration of ansi port alu_op is not allowed
WARNING:HDLCompiler:98 - "C:\Users\Sam\Desktop\440\Stack_CPU\CONTROL_UNIT.v" Line 26: alu_op was previously declared with a range
Analyzing Verilog file "C:\Users\Sam\Desktop\440\Stack_CPU\ALU.v" into library work
Parsing module <ALU>.
WARNING:HDLCompiler:751 - "C:\Users\Sam\Desktop\440\Stack_CPU\ALU.v" Line 21: Redeclaration of ansi port hold is not allowed
WARNING:HDLCompiler:751 - "C:\Users\Sam\Desktop\440\Stack_CPU\ALU.v" Line 23: Redeclaration of ansi port pop is not allowed
WARNING:HDLCompiler:568 - "C:\Users\Sam\Desktop\440\Stack_CPU\ALU.v" Line 41: Constant value is truncated to fit in <3> bits.
WARNING:HDLCompiler:568 - "C:\Users\Sam\Desktop\440\Stack_CPU\ALU.v" Line 42: Constant value is truncated to fit in <3> bits.
Analyzing Verilog file "C:\Users\Sam\Desktop\440\Stack_CPU\STACK_CPU.v" into library work
Parsing module <STACK_CPU>.

=========================================================================
*                            HDL Elaboration                            *
=========================================================================
WARNING:HDLCompiler:1016 - "C:\Users\Sam\Desktop\440\Stack_CPU\STACK_CPU.v" Line 49: Port enable is not connected to this instance

Elaborating module <STACK_CPU>.

Elaborating module <PROGRAM_COUNTER>.
WARNING:HDLCompiler:189 - "C:\Users\Sam\Desktop\440\Stack_CPU\STACK_CPU.v" Line 34: Size mismatch in connection of port <pc_out>. Formal port size is 32-bit while actual signal size is 1-bit.

Elaborating module <INSTRUCTION_MEM_128x16>.
WARNING:HDLCompiler:189 - "C:\Users\Sam\Desktop\440\Stack_CPU\STACK_CPU.v" Line 37: Size mismatch in connection of port <ReadAddress>. Formal port size is 8-bit while actual signal size is 1-bit.

Elaborating module <CONTROL_UNIT>.
WARNING:HDLCompiler:413 - "C:\Users\Sam\Desktop\440\Stack_CPU\CONTROL_UNIT.v" Line 30: Result of 6-bit expression is truncated to fit in 3-bit target.
WARNING:HDLCompiler:413 - "C:\Users\Sam\Desktop\440\Stack_CPU\CONTROL_UNIT.v" Line 31: Result of 5-bit expression is truncated to fit in 3-bit target.
WARNING:HDLCompiler:189 - "C:\Users\Sam\Desktop\440\Stack_CPU\STACK_CPU.v" Line 46: Size mismatch in connection of port <alu_op>. Formal port size is 1-bit while actual signal size is 4-bit.

Elaborating module <STACK>.
WARNING:HDLCompiler:189 - "C:\Users\Sam\Desktop\440\Stack_CPU\STACK_CPU.v" Line 54: Size mismatch in connection of port <data_in>. Formal port size is 32-bit while actual signal size is 16-bit.
WARNING:HDLCompiler:189 - "C:\Users\Sam\Desktop\440\Stack_CPU\STACK_CPU.v" Line 55: Size mismatch in connection of port <data_out>. Formal port size is 32-bit while actual signal size is 16-bit.

Elaborating module <ALU>.
WARNING:HDLCompiler:189 - "C:\Users\Sam\Desktop\440\Stack_CPU\STACK_CPU.v" Line 59: Size mismatch in connection of port <data_in>. Formal port size is 32-bit while actual signal size is 16-bit.
WARNING:HDLCompiler:1127 - "C:\Users\Sam\Desktop\440\Stack_CPU\STACK_CPU.v" Line 61: Assignment to zero ignored, since the identifier is never used
WARNING:HDLCompiler:189 - "C:\Users\Sam\Desktop\440\Stack_CPU\STACK_CPU.v" Line 64: Size mismatch in connection of port <result>. Formal port size is 32-bit while actual signal size is 1-bit.
WARNING:HDLCompiler:1127 - "C:\Users\Sam\Desktop\440\Stack_CPU\STACK_CPU.v" Line 64: Assignment to result ignored, since the identifier is never used
WARNING:HDLCompiler:552 - "C:\Users\Sam\Desktop\440\Stack_CPU\STACK_CPU.v" Line 49: Input port enable is not connected on this instance
WARNING:Xst:2972 - "C:\Users\Sam\Desktop\440\Stack_CPU\STACK_CPU.v" line 31. All outputs of instance <pc> of block <PROGRAM_COUNTER> are unconnected in block <STACK_CPU>. Underlying logic will be removed.
WARNING:Xst:2972 - "C:\Users\Sam\Desktop\440\Stack_CPU\STACK_CPU.v" line 37. All outputs of instance <imem> of block <INSTRUCTION_MEM_128x16> are unconnected in block <STACK_CPU>. Underlying logic will be removed.
WARNING:Xst:2972 - "C:\Users\Sam\Desktop\440\Stack_CPU\STACK_CPU.v" line 41. All outputs of instance <cu> of block <CONTROL_UNIT> are unconnected in block <STACK_CPU>. Underlying logic will be removed.
WARNING:Xst:2972 - "C:\Users\Sam\Desktop\440\Stack_CPU\STACK_CPU.v" line 49. All outputs of instance <stack> of block <STACK> are unconnected in block <STACK_CPU>. Underlying logic will be removed.
WARNING:Xst:2972 - "C:\Users\Sam\Desktop\440\Stack_CPU\STACK_CPU.v" line 57. All outputs of instance <lau> of block <ALU> are unconnected in block <STACK_CPU>. Underlying logic will be removed.

=========================================================================
*                           HDL Synthesis                               *
=========================================================================

Synthesizing Unit <STACK_CPU>.
    Related source file is "C:\Users\Sam\Desktop\440\Stack_CPU\STACK_CPU.v".
WARNING:Xst:2898 - Port 'enable', unconnected in block instance 'stack', is tied to GND.
INFO:Xst:3210 - "C:\Users\Sam\Desktop\440\Stack_CPU\STACK_CPU.v" line 57: Output port <result> of the instance <lau> is unconnected or connected to loadless signal.
INFO:Xst:3210 - "C:\Users\Sam\Desktop\440\Stack_CPU\STACK_CPU.v" line 57: Output port <zero> of the instance <lau> is unconnected or connected to loadless signal.
    Summary:
	no macro.
Unit <STACK_CPU> synthesized.

=========================================================================
HDL Synthesis Report

Found no macro
=========================================================================

=========================================================================
*                       Advanced HDL Synthesis                          *
=========================================================================


=========================================================================
Advanced HDL Synthesis Report

Found no macro
=========================================================================

=========================================================================
*                         Low Level Synthesis                           *
=========================================================================

Optimizing unit <STACK_CPU> ...

Mapping all equations...
Building and optimizing final netlist ...
Found area constraint ratio of 100 (+ 5) on block STACK_CPU, actual ratio is 0.

Final Macro Processing ...

=========================================================================
Final Register Report

Found no macro
=========================================================================

=========================================================================
*                           Partition Report                            *
=========================================================================

Partition Implementation Status
-------------------------------

  No Partitions were found in this design.

-------------------------------

=========================================================================
*                            Design Summary                             *
=========================================================================

Top Level Output File Name         : STACK_CPU.ngc

Primitive and Black Box Usage:
------------------------------

Device utilization summary:
---------------------------

Selected Device : 6slx16csg324-2 


Slice Logic Utilization: 

Slice Logic Distribution: 
 Number of LUT Flip Flop pairs used:      0
   Number with an unused Flip Flop:       0  out of      0         
   Number with an unused LUT:             0  out of      0         
   Number of fully used LUT-FF pairs:     0  out of      0         
   Number of unique control sets:         0

IO Utilization: 
 Number of IOs:                           2
 Number of bonded IOBs:                   0  out of    232     0%  

Specific Feature Utilization:

---------------------------
Partition Resource Summary:
---------------------------

  No Partitions were found in this design.

---------------------------


=========================================================================
Timing Report

NOTE: THESE TIMING NUMBERS ARE ONLY A SYNTHESIS ESTIMATE.
      FOR ACCURATE TIMING INFORMATION PLEASE REFER TO THE TRACE REPORT
      GENERATED AFTER PLACE-and-ROUTE.

Clock Information:
------------------
No clock signals found in this design

Asynchronous Control Signals Information:
----------------------------------------
No asynchronous control signals found in this design

Timing Summary:
---------------
Speed Grade: -2

   Minimum period: No path found
   Minimum input arrival time before clock: No path found
   Maximum output required time after clock: No path found
   Maximum combinational path delay: No path found

Timing Details:
---------------
All values displayed in nanoseconds (ns)

=========================================================================

Cross Clock Domains Report:
--------------------------

=========================================================================


Total REAL time to Xst completion: 12.00 secs
Total CPU time to Xst completion: 11.85 secs
 
--> 

Total memory usage is 344744 kilobytes

Number of errors   :    0 (   0 filtered)
Number of warnings :   27 (   0 filtered)
Number of infos    :    2 (   0 filtered)

