Command line:
   CONTROL_UNIT_isim_beh.exe
     -simmode  gui
     -simrunnum  0
     -socket  52776

Tue Apr 24 16:37:03 2018


 Elaboration Time: 0.140625 sec

 Current Memory Usage: 1034.79 Meg

 Total Signals          : 16
 Total Nets             : 27
 Total Signal Drivers   : 8
 Total Blocks           : 2
 Total Primitive Blocks : 2
 Total Processes        : 10
 Total Traceable Variables  : 21
 Total Scalar Nets and Variables : 113
Total Line Count : 19

 Total Simulation Time: 0.15625 sec

 Current Memory Usage: 1034.79 Meg

Tue Apr 24 16:37:10 2018

