Command line:
   STACK_tb_isim_beh.exe
     -simmode  gui
     -simrunnum  0
     -socket  50434

Mon Apr 30 20:41:34 2018


 Elaboration Time: 0.140625 sec

 Current Memory Usage: 1034.31 Meg

 Total Signals          : 22
 Total Nets             : 113
 Total Signal Drivers   : 12
 Total Blocks           : 3
 Total Primitive Blocks : 2
 Total Processes        : 16
 Total Traceable Variables  : 25
 Total Scalar Nets and Variables : 745
Total Line Count : 73
Total Line Count : 73

 Total Simulation Time: 0.203125 sec

 Current Memory Usage: 877.019 Meg

Mon Apr 30 20:45:30 2018

